2025-01-10 08:49:41 [[32minfo[39m]: Aplicação iniciada com sucesso.
2025-01-10 08:49:47 [[32minfo[39m]: Aplicação iniciada com sucesso.
2025-01-10 08:51:07 [[31merror[39m]: Erro ao registrar transacao:ReferenceError: idPagador is not defined
2025-01-10 08:52:09 [[31merror[39m]: Erro ao registrar transacao:ReferenceError: idPagador is not defined
2025-01-10 08:52:35 [[32minfo[39m]: Aplicação iniciada com sucesso.
2025-01-10 08:54:32 [[32minfo[39m]: Aplicação iniciada com sucesso.
2025-01-10 08:57:22 [[32minfo[39m]: Aplicação iniciada com sucesso.
2025-01-10 08:57:27 [[31merror[39m]: Erro ao registrar transacao:MongoServerError: Cannot do exclusion on field id in inclusion projection
2025-01-10 08:58:53 [[32minfo[39m]: Aplicação iniciada com sucesso.
2025-01-10 08:59:54 [[32minfo[39m]: Aplicação iniciada com sucesso.
2025-01-10 09:00:13 [[32minfo[39m]: Aplicação iniciada com sucesso.
2025-01-10 09:00:41 [[32minfo[39m]: Aplicação iniciada com sucesso.
2025-01-10 09:02:17 [[32minfo[39m]: Aplicação iniciada com sucesso.
2025-01-10 09:02:22 [[32minfo[39m]: {
  "msg": "Transacao 81THU8cKU feita com sucesso, 1736510542178"
}
2025-01-10 09:04:27 [[32minfo[39m]: Aplicação iniciada com sucesso.
2025-01-10 09:04:48 [[31merror[39m]: Erro ao registrar transacao:TypeError: Date(...).toISOString is not a function
2025-01-10 09:05:02 [[32minfo[39m]: Aplicação iniciada com sucesso.
2025-01-10 09:05:05 [[32minfo[39m]: {
  "msg": "Transacao hNtB2MhKC feita com sucesso"
}
2025-01-10 09:05:57 [[32minfo[39m]: Aplicação iniciada com sucesso.
2025-01-10 09:08:33 [[32minfo[39m]: Aplicação iniciada com sucesso.
2025-01-10 09:08:34 [[32minfo[39m]: Aplicação iniciada com sucesso.
2025-01-10 09:08:40 [[32minfo[39m]: Aplicação iniciada com sucesso.
2025-01-10 09:10:01 [[32minfo[39m]: Aplicação iniciada com sucesso.
2025-01-10 09:10:24 [[32minfo[39m]: Aplicação iniciada com sucesso.
2025-01-10 09:11:58 [[32minfo[39m]: Aplicação iniciada com sucesso.
2025-01-10 09:12:24 [[32minfo[39m]: {
  "msg": "Transacao --yfHwMxr feita com sucesso"
}
2025-01-10 09:13:09 [[32minfo[39m]: Aplicação iniciada com sucesso.
2025-01-10 09:13:47 [[32minfo[39m]: Aplicação iniciada com sucesso.
2025-01-10 09:13:50 [[32minfo[39m]: {
  "msg": "Transacao 5WFEWPie9 feita com sucesso"
}
2025-01-10 09:14:15 [[32minfo[39m]: Aplicação iniciada com sucesso.
2025-01-10 09:15:11 [[32minfo[39m]: {
  "msg": "Transacao rEKHh-3_Y feita com sucesso"
}
2025-01-10 09:15:46 [[32minfo[39m]: {
  "msg": "Transacao GP9VM0eGY feita com sucesso"
}
2025-01-10 09:15:53 [[32minfo[39m]: {
  "msg": "Transacao tVJYCFYIe feita com sucesso"
}
2025-01-10 09:16:34 [[32minfo[39m]: Aplicação iniciada com sucesso.
2025-01-10 09:16:37 [[32minfo[39m]: Aplicação iniciada com sucesso.
2025-01-10 09:25:35 [[32minfo[39m]: Aplicação iniciada com sucesso.
2025-01-10 09:31:12 [[32minfo[39m]: Aplicação iniciada com sucesso.
2025-01-10 10:39:34 [[32minfo[39m]: Aplicação iniciada com sucesso.
2025-01-10 10:39:50 [[32minfo[39m]: Aplicação iniciada com sucesso.
2025-01-10 10:40:43 [[32minfo[39m]: Aplicação iniciada com sucesso.
